# CUDA_PROFILE_LOG_VERSION 2.0
# CUDA_DEVICE 0 Tesla M2090
# CUDA_CONTEXT 1
# TIMESTAMPFACTOR 13235e815b2ac1ff
method,gputime,cputime,occupancy
method=[ memcpyHtoD ] gputime=[ 2579.072 ] cputime=[ 2847.912 ] 
method=[ memcpyHtoD ] gputime=[ 2520.928 ] cputime=[ 2708.672 ] 
method=[ memcpyHtoD ] gputime=[ 2527.200 ] cputime=[ 2739.744 ] 
method=[ memcpyHtoD ] gputime=[ 2526.432 ] cputime=[ 2725.802 ] 
method=[ memcpyHtoD ] gputime=[ 3.456 ] cputime=[ 12.120 ] 
method=[ memcpyHtoD ] gputime=[ 3.424 ] cputime=[ 11.391 ] 
method=[ memcpyHtoD ] gputime=[ 2535.360 ] cputime=[ 2731.114 ] 
method=[ memcpyHtoD ] gputime=[ 2530.752 ] cputime=[ 2717.710 ] 
method=[ memcpyHtoD ] gputime=[ 2525.632 ] cputime=[ 2711.805 ] 
method=[ memcpyHtoD ] gputime=[ 2526.272 ] cputime=[ 2710.819 ] 
method=[ memcpyHtoD ] gputime=[ 3.520 ] cputime=[ 12.003 ] 
method=[ memcpyHtoD ] gputime=[ 3.552 ] cputime=[ 10.980 ] 
method=[ memcpyHtoD ] gputime=[ 67.200 ] cputime=[ 126.344 ] 
method=[ memcpyHtoD ] gputime=[ 3.232 ] cputime=[ 11.356 ] 
method=[ memcpyHtoD ] gputime=[ 3.520 ] cputime=[ 11.295 ] 
method=[ memcpyHtoD ] gputime=[ 3.456 ] cputime=[ 10.909 ] 
method=[ memcpyHtoD ] gputime=[ 3.456 ] cputime=[ 10.897 ] 
method=[ memcpyHtoD ] gputime=[ 7.200 ] cputime=[ 18.394 ] 
method=[ memcpyHtoD ] gputime=[ 7.360 ] cputime=[ 18.257 ] 
method=[ memcpyHtoD ] gputime=[ 7.296 ] cputime=[ 18.529 ] 
method=[ memcpyHtoD ] gputime=[ 7.136 ] cputime=[ 18.345 ] 
method=[ memcpyHtoD ] gputime=[ 1.792 ] cputime=[ 6.443 ] 
method=[ memcpyHtoD ] gputime=[ 65.536 ] cputime=[ 122.370 ] 
method=[ memcpyHtoD ] gputime=[ 750.272 ] cputime=[ 932.755 ] 
method=[ memcpyHtoD ] gputime=[ 584.768 ] cputime=[ 807.482 ] 
method=[ memcpyHtoD ] gputime=[ 592.288 ] cputime=[ 808.892 ] 
method=[ memcpyHtoD ] gputime=[ 3.456 ] cputime=[ 16.456 ] 
method=[ memcpyHtoD ] gputime=[ 10.944 ] cputime=[ 26.570 ] 
method=[ memcpyHtoD ] gputime=[ 3.392 ] cputime=[ 11.524 ] 
method=[ memcpyHtoD ] gputime=[ 35.424 ] cputime=[ 66.651 ] 
method=[ memcpyHtoD ] gputime=[ 266.048 ] cputime=[ 493.810 ] 
method=[ memcpyHtoD ] gputime=[ 1.216 ] cputime=[ 5.733 ] 
method=[ memcpyHtoD ] gputime=[ 1.216 ] cputime=[ 4.852 ] 
method=[ memcpyHtoD ] gputime=[ 3.584 ] cputime=[ 11.114 ] 
method=[ memcpyHtoD ] gputime=[ 3.424 ] cputime=[ 11.486 ] 
method=[ memcpyHtoD ] gputime=[ 1.248 ] cputime=[ 5.073 ] 
method=[ memcpyHtoD ] gputime=[ 3.392 ] cputime=[ 10.571 ] 
method=[ memcpyHtoD ] gputime=[ 3.584 ] cputime=[ 10.966 ] 
method=[ _Z12up_eval__gpuiPiS_PdS0_S0_S0_S0_S0_S0_S0_iiS0_iiiS0_S_S0_ ] gputime=[ 34128.480 ] cputime=[ 12.900 ] occupancy=[ 0.583 ] 
method=[ _Z21up_eval__gpu_non_leafiiiPiPdiiiS0_iiiS0_S_S_ ] gputime=[ 17115.137 ] cputime=[ 6.334 ] occupancy=[ 0.167 ] 
method=[ _Z21up_eval__gpu_non_leafiiiPiPdiiiS0_iiiS0_S_S_ ] gputime=[ 3294.560 ] cputime=[ 3.774 ] occupancy=[ 0.167 ] 
method=[ _Z21up_eval__gpu_non_leafiiiPiPdiiiS0_iiiS0_S_S_ ] gputime=[ 1506.464 ] cputime=[ 3.271 ] occupancy=[ 0.167 ] 
method=[ _Z21up_eval__gpu_non_leafiiiPiPdiiiS0_iiiS0_S_S_ ] gputime=[ 1331.904 ] cputime=[ 2.951 ] occupancy=[ 0.167 ] 
method=[ _Z15ulist_eval__gpuiPiS_PdS0_S0_S0_iS_S_S0_S0_S0_S0_S_S_ ] gputime=[ 625027.812 ] cputime=[ 5.166 ] occupancy=[ 0.667 ] 
method=[ _Z25compute_fft_src__gpu_evaliPiiPdiS0_i ] gputime=[ 3782.144 ] cputime=[ 6.486 ] occupancy=[ 0.500 ] 
method=[ _Z23dpRadix0003A_kernel1MemIL14fftDirection_tn1EEvP7ComplexIdEPKS2_jj9divisor_tS6_S6_5CoordIS6_ES7_IjES9_jjd ] gputime=[ 1124.640 ] cputime=[ 7.494 ] occupancy=[ 0.667 ] 
method=[ _Z23dpRadix0004A_kernel1MemIL14fftDirection_tn1EEvP7ComplexIdEPKS2_jj9divisor_tS6_S6_5CoordIS6_ES7_IjES9_jjd ] gputime=[ 1141.664 ] cputime=[ 4.706 ] occupancy=[ 0.500 ] 
method=[ _Z23dpRadix0003A_kernel1MemIL14fftDirection_tn1EEvP7ComplexIdEPKS2_jj9divisor_tS6_S6_5CoordIS6_ES7_IjES9_jjd ] gputime=[ 1141.984 ] cputime=[ 3.403 ] occupancy=[ 0.667 ] 
method=[ _Z23dpRadix0004A_kernel1MemIL14fftDirection_tn1EEvP7ComplexIdEPKS2_jj9divisor_tS6_S6_5CoordIS6_ES7_IjES9_jjd ] gputime=[ 1266.176 ] cputime=[ 3.349 ] occupancy=[ 0.500 ] 
method=[ _Z23dpRadix0003A_kernel1MemIL14fftDirection_tn1EEvP7ComplexIdEPKS2_jj9divisor_tS6_S6_5CoordIS6_ES7_IjES9_jjd ] gputime=[ 1382.496 ] cputime=[ 3.271 ] occupancy=[ 0.667 ] 
method=[ _Z23dpRadix0002A_kernel3MemIL14fftDirection_tn1EEvP7ComplexIdEPKS2_j9divisor_t5CoordIS6_ES7_IjEj ] gputime=[ 1938.816 ] cputime=[ 3.616 ] occupancy=[ 1.000 ] 
method=[ _Z23dpRadix0002A_kernel1MemIL14fftDirection_tn1EEvP7ComplexIdEPKS2_jj9divisor_tS6_S6_5CoordIS6_ES7_IjES9_jjd ] gputime=[ 3.168 ] cputime=[ 3.685 ] occupancy=[ 0.167 ] 
method=[ _Z26dpPostprocessC2C_kernelMemIL9fftAxii_t7EEvP7ComplexIdEPKS2_j5CoordI9divisor_tES6_IjES9_jd ] gputime=[ 2087.968 ] cputime=[ 3.641 ] occupancy=[ 0.667 ] 
method=[ _Z27compute_fft_trans__gpu_evaliiPd ] gputime=[ 145.312 ] cputime=[ 6.326 ] occupancy=[ 0.833 ] 
method=[ _Z23dpRadix0003A_kernel1MemIL14fftDirection_tn1EEvP7ComplexIdEPKS2_jj9divisor_tS6_S6_5CoordIS6_ES7_IjES9_jjd ] gputime=[ 86.784 ] cputime=[ 6.257 ] occupancy=[ 0.667 ] 
method=[ _Z23dpRadix0004A_kernel1MemIL14fftDirection_tn1EEvP7ComplexIdEPKS2_jj9divisor_tS6_S6_5CoordIS6_ES7_IjES9_jjd ] gputime=[ 83.520 ] cputime=[ 3.596 ] occupancy=[ 0.500 ] 
method=[ _Z23dpRadix0003A_kernel1MemIL14fftDirection_tn1EEvP7ComplexIdEPKS2_jj9divisor_tS6_S6_5CoordIS6_ES7_IjES9_jjd ] gputime=[ 86.784 ] cputime=[ 3.631 ] occupancy=[ 0.667 ] 
method=[ _Z23dpRadix0004A_kernel1MemIL14fftDirection_tn1EEvP7ComplexIdEPKS2_jj9divisor_tS6_S6_5CoordIS6_ES7_IjES9_jjd ] gputime=[ 101.376 ] cputime=[ 3.361 ] occupancy=[ 0.500 ] 
method=[ _Z23dpRadix0003A_kernel1MemIL14fftDirection_tn1EEvP7ComplexIdEPKS2_jj9divisor_tS6_S6_5CoordIS6_ES7_IjES9_jjd ] gputime=[ 108.960 ] cputime=[ 3.287 ] occupancy=[ 0.667 ] 
method=[ _Z23dpRadix0002A_kernel3MemIL14fftDirection_tn1EEvP7ComplexIdEPKS2_j9divisor_t5CoordIS6_ES7_IjEj ] gputime=[ 144.160 ] cputime=[ 3.237 ] occupancy=[ 1.000 ] 
method=[ _Z23dpRadix0002A_kernel1MemIL14fftDirection_tn1EEvP7ComplexIdEPKS2_jj9divisor_tS6_S6_5CoordIS6_ES7_IjES9_jjd ] gputime=[ 3.680 ] cputime=[ 3.143 ] occupancy=[ 0.167 ] 
method=[ _Z26dpPostprocessC2C_kernelMemIL9fftAxii_t7EEvP7ComplexIdEPKS2_j5CoordI9divisor_tES6_IjES9_jd ] gputime=[ 160.896 ] cputime=[ 3.597 ] occupancy=[ 0.667 ] 
method=[ _Z20vlist_calc__gpu_evaliPdS_S_PiS0_S0_i ] gputime=[ 178945.562 ] cputime=[ 6.071 ] occupancy=[ 0.583 ] 
method=[ _Z38compute_ifft_trg__gpu_eval_scale_nrmfciPdii ] gputime=[ 1535.968 ] cputime=[ 5.997 ] occupancy=[ 0.667 ] 
method=[ _Z25dpPreprocessC2C_kernelMemIL9fftAxii_t7EEvP7ComplexIdEPKS2_j5CoordI9divisor_tES6_IjES9_jd ] gputime=[ 1792.800 ] cputime=[ 6.397 ] occupancy=[ 0.667 ] 
method=[ _Z23dpRadix0003A_kernel1MemIL14fftDirection_t1EEvP7ComplexIdEPKS2_jj9divisor_tS6_S6_5CoordIS6_ES7_IjES9_jjd ] gputime=[ 1119.680 ] cputime=[ 3.785 ] occupancy=[ 0.667 ] 
method=[ _Z23dpRadix0004A_kernel1MemIL14fftDirection_t1EEvP7ComplexIdEPKS2_jj9divisor_tS6_S6_5CoordIS6_ES7_IjES9_jjd ] gputime=[ 1142.400 ] cputime=[ 3.560 ] occupancy=[ 0.500 ] 
method=[ _Z23dpRadix0003A_kernel1MemIL14fftDirection_t1EEvP7ComplexIdEPKS2_jj9divisor_tS6_S6_5CoordIS6_ES7_IjES9_jjd ] gputime=[ 1145.536 ] cputime=[ 3.822 ] occupancy=[ 0.667 ] 
method=[ _Z23dpRadix0004A_kernel1MemIL14fftDirection_t1EEvP7ComplexIdEPKS2_jj9divisor_tS6_S6_5CoordIS6_ES7_IjES9_jjd ] gputime=[ 1265.824 ] cputime=[ 3.382 ] occupancy=[ 0.500 ] 
method=[ _Z23dpRadix0003A_kernel1MemIL14fftDirection_t1EEvP7ComplexIdEPKS2_jj9divisor_tS6_S6_5CoordIS6_ES7_IjES9_jjd ] gputime=[ 1404.992 ] cputime=[ 3.230 ] occupancy=[ 0.667 ] 
method=[ _Z23dpRadix0002A_kernel3MemIL14fftDirection_t1EEvP7ComplexIdEPKS2_j9divisor_t5CoordIS6_ES7_IjEj ] gputime=[ 1926.976 ] cputime=[ 3.474 ] occupancy=[ 1.000 ] 
method=[ _Z23dpRadix0002A_kernel1MemIL14fftDirection_t1EEvP7ComplexIdEPKS2_jj9divisor_tS6_S6_5CoordIS6_ES7_IjES9_jjd ] gputime=[ 3.040 ] cputime=[ 3.253 ] occupancy=[ 0.167 ] 
method=[ _Z35compute_ifft_trg__gpu_regVal2SamValiiPdiS_i ] gputime=[ 2123.232 ] cputime=[ 6.261 ] occupancy=[ 1.000 ] 
method=[ _Z15wlist_eval__gpuiPiS_S_S_S_PdS0_S0_S0_S_S_S0_S0_S0_S0_S_S_iiS0_S0_S0_S0_S0_S0_ ] gputime=[ 559.296 ] cputime=[ 5.058 ] occupancy=[ 0.500 ] 
method=[ _Z15xlist_eval__gpuiPiS_S_S_S_PdS0_S0_S0_S_S_S0_S0_S0_S0_S_S_iiS0_S0_S0_S0_S0_S0_ ] gputime=[ 501.952 ] cputime=[ 4.866 ] occupancy=[ 0.500 ] 
method=[ _Z22down_eval__gpu_depth_2iPiiPdiiiS0_iS0_ ] gputime=[ 3764.576 ] cputime=[ 5.512 ] occupancy=[ 0.667 ] 
method=[ _Z25down_eval__gpu_non_leavesiiPiS_P4int3S_iPdiiiS2_iiiS2_iS2_ ] gputime=[ 2040.576 ] cputime=[ 5.593 ] occupancy=[ 0.333 ] 
method=[ _Z25down_eval__gpu_non_leavesiiPiS_P4int3S_iPdiiiS2_iiiS2_iS2_ ] gputime=[ 11145.696 ] cputime=[ 4.658 ] occupancy=[ 0.333 ] 
method=[ _Z21down_eval__gpu_leavesiPiS_PdS0_S0_S0_iiS0_S0_S0_S0_S0_S0_ ] gputime=[ 13227.520 ] cputime=[ 4.698 ] occupancy=[ 0.667 ] 
method=[ memcpyDtoH ] gputime=[ 2671.648 ] cputime=[ 3066.806 ] 
